<?xml version="1.0" encoding="UTF-8"?>
<!-- Generated by org.testng.reporters.JUnitReportReporter -->
<testsuite skipped="0" hostname="GOD11259" name="com.psl.modifiedamazon.MyClass" tests="3" failures="0" timestamp="27 Aug 2018 08:49:48 GMT" time="277.654" errors="0">
  <testcase name="test1" time="118.477" classname="com.psl.modifiedamazon.MyClass"/>
  <testcase name="test2" time="27.111" classname="com.psl.modifiedamazon.MyClass"/>
  <testcase name="test3" time="132.066" classname="com.psl.modifiedamazon.MyClass"/>
</testsuite> <!-- com.psl.modifiedamazon.MyClass -->
