<?xml version="1.0" encoding="UTF-8"?>
<!-- Generated by org.testng.reporters.JUnitReportReporter -->
<testsuite skipped="0" hostname="GOD11259" name="com.psl.amazon2.MyClass" tests="1" failures="0" timestamp="27 Aug 2018 08:53:59 GMT" time="41.100" errors="0">
  <testcase name="test" time="41.100" classname="com.psl.amazon2.MyClass"/>
</testsuite> <!-- com.psl.amazon2.MyClass -->
